Area at 0, 0( 0) col 478169 -> 1
Area at 0, 1( 0) col 478169 -> 2
Area at 0, 2( 2) col 568473 -> 1
Area at 0, 3( 3) col 874704 -> 1
Area at 0, 4( 3) col 874704 -> 2
Area at 0, 5( 5) col 282077 -> 1
Area at 0, 6( 6) col 719909 -> 1
Area at 1, 6( 6) col 719909 -> 2
Area at 0, 7( 7) col 371439 -> 1
Area at 0, 8( 8) col 469325 -> 1
Area at 0, 9( 9) col 661455 -> 1
Area at 0, 10( 10) col 345929 -> 1
Area at 0, 11( 11) col 205895 -> 1
Area at 1, 11( 11) col 205895 -> 2
Area at 0, 12( 12) col 288656 -> 1
Area at 0, 13( 12) col 288656 -> 2
Area at 1, 12( 12) col 288656 -> 3
Area at 0, 14( 14) col 154485 -> 1
Area at 0, 15( 14) col 154485 -> 2
Area at 0, 16( 16) col 993781 -> 1
Area at 0, 17( 17) col 205263 -> 1
Area at 0, 18( 17) col 205263 -> 2
Area at 0, 19( 19) col 80360 -> 1
Area at 0, 20( 20) col 861402 -> 1
Area at 0, 21( 20) col 861402 -> 2
Area at 0, 22( 22) col 418009 -> 1
Area at 0, 23( 23) col 517973 -> 1
Area at 0, 24( 23) col 517973 -> 2
Area at 1, 0( 250) col 832583 -> 1
Area at 1, 1( 251) col 461969 -> 1
Area at 1, 2( 252) col 659432 -> 1
Area at 1, 3( 253) col 245560 -> 1
Area at 1, 4( 254) col 275405 -> 1
Area at 2, 4( 254) col 275405 -> 2
Area at 1, 5( 255) col 646919 -> 1
Area at 2, 5( 255) col 646919 -> 2
Area at 1, 7( 257) col 394024 -> 1
Area at 1, 8( 257) col 394024 -> 2
Area at 1, 9( 257) col 394024 -> 3
Area at 1, 10( 260) col 265889 -> 1
Area at 1, 13( 263) col 334586 -> 1
Area at 1, 14( 264) col 611011 -> 1
Area at 2, 14( 264) col 611011 -> 2
Area at 1, 15( 265) col 700600 -> 1
Area at 1, 16( 266) col 849746 -> 1
Area at 1, 17( 267) col 740902 -> 1
Area at 1, 18( 268) col 687217 -> 1
Area at 1, 19( 269) col 721140 -> 1
Area at 1, 20( 269) col 721140 -> 2
Area at 1, 21( 271) col 715399 -> 1
Area at 1, 22( 271) col 715399 -> 2
Area at 1, 23( 273) col 351315 -> 1
Area at 1, 24( 274) col 40815 -> 1
Area at 2, 0( 500) col 283427 -> 1
Area at 2, 1( 501) col 397112 -> 1
Area at 2, 2( 502) col 280134 -> 1
Area at 3, 2( 502) col 280134 -> 2
Area at 2, 3( 503) col 790638 -> 1
Area at 2, 6( 506) col 327779 -> 1
Area at 2, 7( 507) col 987322 -> 1
Area at 2, 8( 508) col 574839 -> 1
Area at 3, 8( 508) col 574839 -> 2
Area at 2, 9( 509) col 255486 -> 1
Area at 2, 10( 510) col 787437 -> 1
Area at 2, 11( 511) col 634181 -> 1
Area at 2, 12( 512) col 585728 -> 1
Area at 2, 13( 513) col 692777 -> 1
Area at 3, 13( 513) col 692777 -> 2
Area at 2, 15( 515) col 149281 -> 1
Area at 2, 16( 516) col 630780 -> 1
Area at 2, 17( 517) col 100976 -> 1
Area at 2, 18( 518) col 54465 -> 1
Area at 2, 19( 519) col 190466 -> 1
Area at 2, 20( 520) col 398185 -> 1
Area at 2, 21( 520) col 398185 -> 2
Area at 2, 22( 522) col 932454 -> 1
Area at 2, 23( 523) col 896679 -> 1
Area at 2, 24( 523) col 896679 -> 2
Area at 3, 0( 750) col 410257 -> 1
Area at 3, 1( 751) col 448096 -> 1
Area at 3, 3( 753) col 991774 -> 1
Area at 3, 4( 754) col 77689 -> 1
Area at 4, 4( 754) col 77689 -> 2
Area at 3, 5( 755) col 392306 -> 1
Area at 3, 6( 756) col 286157 -> 1
Area at 3, 7( 756) col 286157 -> 2
Area at 4, 6( 756) col 286157 -> 3
Area at 3, 9( 759) col 37932 -> 1
Area at 3, 10( 760) col 846316 -> 1
Area at 3, 11( 761) col 692777 -> 1
Area at 4, 11( 761) col 692777 -> 2
Area at 4, 12( 761) col 692777 -> 3
Area at 5, 12( 761) col 692777 -> 4
Area at 5, 13( 761) col 692777 -> 5
Area at 5, 14( 761) col 692777 -> 6
Area at 5, 15( 761) col 692777 -> 7
Area at 6, 15( 761) col 692777 -> 8
Area at 7, 15( 761) col 692777 -> 9
Area at 7, 16( 761) col 692777 -> 10
Area at 5, 11( 761) col 692777 -> 11
Area at 6, 11( 761) col 692777 -> 12
Area at 7, 11( 761) col 692777 -> 13
Area at 8, 11( 761) col 692777 -> 14
Area at 8, 12( 761) col 692777 -> 15
Area at 8, 13( 761) col 692777 -> 16
Area at 8, 14( 761) col 692777 -> 17
Area at 9, 14( 761) col 692777 -> 18
Area at 9, 15( 761) col 692777 -> 19
Area at 10, 15( 761) col 692777 -> 20
Area at 10, 14( 761) col 692777 -> 21
Area at 7, 10( 761) col 692777 -> 22
Area at 6, 10( 761) col 692777 -> 23
Area at 5, 10( 761) col 692777 -> 24
Area at 5, 9( 761) col 692777 -> 25
Area at 4, 10( 761) col 692777 -> 26
Area at 3, 12( 762) col 930886 -> 1
Area at 3, 14( 764) col 19253 -> 1
Area at 3, 15( 765) col 742223 -> 1
Area at 3, 16( 766) col 926451 -> 1
Area at 3, 17( 767) col 240818 -> 1
Area at 3, 18( 768) col 278962 -> 1
Area at 3, 19( 769) col 516595 -> 1
Area at 4, 19( 769) col 516595 -> 2
Area at 5, 19( 769) col 516595 -> 3
Area at 5, 18( 769) col 516595 -> 4
Area at 4, 18( 769) col 516595 -> 5
Area at 3, 20( 770) col 187931 -> 1
Area at 3, 21( 771) col 148863 -> 1
Area at 3, 22( 772) col 381555 -> 1
Area at 3, 23( 773) col 666273 -> 1
Area at 3, 24( 774) col 691605 -> 1
Area at 4, 0( 1000) col 528029 -> 1
Area at 4, 1( 1001) col 355989 -> 1
Area at 4, 2( 1001) col 355989 -> 2
Area at 4, 3( 1003) col 132999 -> 1
Area at 4, 5( 1005) col 726390 -> 1
Area at 4, 7( 1007) col 641889 -> 1
Area at 4, 8( 1008) col 462828 -> 1
Area at 4, 9( 1008) col 462828 -> 2
Area at 4, 13( 1013) col 930886 -> 1
Area at 4, 14( 1014) col 112231 -> 1
Area at 4, 15( 1015) col 616935 -> 1
Area at 4, 16( 1016) col 692777 -> 1
Area at 4, 17( 1017) col 575455 -> 1
Area at 5, 17( 1017) col 575455 -> 2
Area at 6, 17( 1017) col 575455 -> 3
Area at 4, 20( 1020) col 417001 -> 1
Area at 4, 21( 1021) col 436334 -> 1
Area at 4, 22( 1021) col 436334 -> 2
Area at 4, 23( 1023) col 97364 -> 1
Area at 4, 24( 1024) col 19432 -> 1
Area at 5, 24( 1024) col 19432 -> 2
Area at 5, 0( 1250) col 388898 -> 1
Area at 6, 0( 1250) col 388898 -> 2
Area at 5, 1( 1251) col 456778 -> 1
Area at 5, 2( 1251) col 456778 -> 2
Area at 5, 3( 1251) col 456778 -> 3
Area at 6, 2( 1251) col 456778 -> 4
Area at 5, 4( 1254) col 469302 -> 1
Area at 5, 5( 1255) col 509328 -> 1
Area at 5, 6( 1256) col 539311 -> 1
Area at 5, 7( 1257) col 751620 -> 1
Area at 5, 8( 1258) col 467479 -> 1
Area at 5, 16( 1266) col 930886 -> 1
Area at 5, 20( 1270) col 908277 -> 1
Area at 5, 21( 1271) col 200229 -> 1
Area at 5, 22( 1272) col 850805 -> 1
Area at 5, 23( 1273) col 505309 -> 1
Area at 6, 1( 1501) col 599678 -> 1
Area at 6, 3( 1503) col 517122 -> 1
Area at 6, 4( 1504) col 334712 -> 1
Area at 6, 5( 1505) col 422453 -> 1
Area at 6, 6( 1506) col 635854 -> 1
Area at 6, 7( 1506) col 635854 -> 2
Area at 6, 8( 1508) col 8740 -> 1
Area at 6, 9( 1509) col 930886 -> 1
Area at 7, 9( 1509) col 930886 -> 2
Area at 8, 9( 1509) col 930886 -> 3
Area at 8, 10( 1509) col 930886 -> 4
Area at 9, 9( 1509) col 930886 -> 5
Area at 8, 8( 1509) col 930886 -> 6
Area at 8, 7( 1509) col 930886 -> 7
Area at 9, 7( 1509) col 930886 -> 8
Area at 6, 12( 1512) col 930886 -> 1
Area at 6, 13( 1512) col 930886 -> 2
Area at 6, 14( 1512) col 930886 -> 3
Area at 7, 14( 1512) col 930886 -> 4
Area at 7, 13( 1512) col 930886 -> 5
Area at 7, 12( 1512) col 930886 -> 6
Area at 6, 16( 1516) col 698870 -> 1
Area at 6, 18( 1518) col 707178 -> 1
Area at 6, 19( 1519) col 790837 -> 1
Area at 6, 20( 1520) col 425985 -> 1
Area at 6, 21( 1521) col 751470 -> 1
Area at 7, 21( 1521) col 751470 -> 2
Area at 7, 22( 1521) col 751470 -> 3
Area at 7, 20( 1521) col 751470 -> 4
Area at 6, 22( 1522) col 166371 -> 1
Area at 6, 23( 1523) col 214442 -> 1
Area at 6, 24( 1524) col 988891 -> 1
Area at 7, 24( 1524) col 988891 -> 2
Area at 7, 0( 1750) col 164169 -> 1
Area at 7, 1( 1750) col 164169 -> 2
Area at 7, 2( 1752) col 915870 -> 1
Area at 7, 3( 1753) col 26101 -> 1
Area at 8, 3( 1753) col 26101 -> 2
Area at 7, 4( 1754) col 732069 -> 1
Area at 7, 5( 1755) col 504178 -> 1
Area at 7, 6( 1755) col 504178 -> 2
Area at 8, 5( 1755) col 504178 -> 3
Area at 7, 7( 1757) col 692777 -> 1
Area at 7, 8( 1758) col 633000 -> 1
Area at 7, 17( 1767) col 805823 -> 1
Area at 7, 18( 1768) col 854447 -> 1
Area at 8, 18( 1768) col 854447 -> 2
Area at 8, 17( 1768) col 854447 -> 3
Area at 9, 17( 1768) col 854447 -> 4
Area at 7, 19( 1769) col 747325 -> 1
Area at 7, 23( 1773) col 864697 -> 1
Area at 8, 0( 2000) col 983130 -> 1
Area at 9, 0( 2000) col 983130 -> 2
Area at 8, 1( 2001) col 290963 -> 1
Area at 8, 2( 2002) col 127486 -> 1
Area at 8, 4( 2004) col 523539 -> 1
Area at 8, 6( 2006) col 90023 -> 1
Area at 8, 15( 2015) col 930886 -> 1
Area at 8, 16( 2016) col 568990 -> 1
Area at 8, 19( 2019) col 500799 -> 1
Area at 8, 20( 2020) col 325453 -> 1
Area at 8, 21( 2021) col 370277 -> 1
Area at 8, 22( 2022) col 473250 -> 1
Area at 8, 23( 2023) col 344919 -> 1
Area at 8, 24( 2024) col 873748 -> 1
Area at 9, 1( 2251) col 794691 -> 1
Area at 9, 2( 2251) col 794691 -> 2
Area at 9, 3( 2253) col 526214 -> 1
Area at 9, 4( 2254) col 959367 -> 1
Area at 9, 5( 2255) col 388440 -> 1
Area at 10, 5( 2255) col 388440 -> 2
Area at 9, 6( 2256) col 692777 -> 1
Area at 9, 8( 2258) col 692777 -> 1
Area at 9, 10( 2260) col 692777 -> 1
Area at 9, 11( 2261) col 930886 -> 1
Area at 9, 12( 2261) col 930886 -> 2
Area at 9, 13( 2261) col 930886 -> 3
Area at 10, 13( 2261) col 930886 -> 4
Area at 10, 12( 2261) col 930886 -> 5
Area at 9, 16( 2266) col 390406 -> 1
Area at 10, 16( 2266) col 390406 -> 2
Area at 9, 18( 2268) col 13263 -> 1
Area at 9, 19( 2269) col 105476 -> 1
Area at 9, 20( 2270) col 842275 -> 1
Area at 9, 21( 2271) col 232243 -> 1
Area at 9, 22( 2272) col 102875 -> 1
Area at 9, 23( 2273) col 45196 -> 1
Area at 9, 24( 2273) col 45196 -> 2
Area at 10, 0( 2500) col 991703 -> 1
Area at 10, 1( 2501) col 570530 -> 1
Area at 10, 2( 2502) col 22049 -> 1
Area at 10, 3( 2503) col 246489 -> 1
Area at 10, 4( 2504) col 785076 -> 1
Area at 10, 6( 2506) col 930886 -> 1
Area at 10, 7( 2507) col 692777 -> 1
Area at 11, 7( 2507) col 692777 -> 2
Area at 12, 7( 2507) col 692777 -> 3
Area at 10, 8( 2508) col 930886 -> 1
Area at 11, 8( 2508) col 930886 -> 2
Area at 12, 8( 2508) col 930886 -> 3
Area at 12, 9( 2508) col 930886 -> 4
Area at 12, 10( 2508) col 930886 -> 5
Area at 11, 10( 2508) col 930886 -> 6
Area at 10, 10( 2508) col 930886 -> 7
Area at 13, 9( 2508) col 930886 -> 8
Area at 13, 8( 2508) col 930886 -> 9
Area at 13, 7( 2508) col 930886 -> 10
Area at 14, 7( 2508) col 930886 -> 11
Area at 10, 9( 2509) col 692777 -> 1
Area at 11, 9( 2509) col 692777 -> 2
Area at 10, 11( 2511) col 692777 -> 1
Area at 11, 11( 2511) col 692777 -> 2
Area at 11, 12( 2511) col 692777 -> 3
Area at 11, 13( 2511) col 692777 -> 4
Area at 12, 11( 2511) col 692777 -> 5
Area at 13, 11( 2511) col 692777 -> 6
Area at 13, 12( 2511) col 692777 -> 7
Area at 13, 10( 2511) col 692777 -> 8
Area at 10, 17( 2517) col 625606 -> 1
Area at 10, 18( 2518) col 738393 -> 1
Area at 10, 19( 2519) col 388431 -> 1
Area at 10, 20( 2520) col 325968 -> 1
Area at 10, 21( 2521) col 199837 -> 1
Area at 11, 21( 2521) col 199837 -> 2
Area at 10, 22( 2522) col 897293 -> 1
Area at 10, 23( 2523) col 435479 -> 1
Area at 10, 24( 2524) col 776099 -> 1
Area at 11, 0( 2750) col 449239 -> 1
Area at 11, 1( 2751) col 987201 -> 1
Area at 11, 2( 2752) col 774866 -> 1
Area at 11, 3( 2752) col 774866 -> 2
Area at 11, 4( 2754) col 290577 -> 1
Area at 11, 5( 2754) col 290577 -> 2
Area at 11, 6( 2754) col 290577 -> 3
Area at 11, 14( 2764) col 930886 -> 1
Area at 11, 15( 2765) col 316094 -> 1
Area at 11, 16( 2766) col 379885 -> 1
Area at 11, 17( 2767) col 640088 -> 1
Area at 11, 18( 2768) col 238199 -> 1
Area at 11, 19( 2768) col 238199 -> 2
Area at 11, 20( 2770) col 732434 -> 1
Area at 11, 22( 2772) col 345706 -> 1
Area at 11, 23( 2773) col 845444 -> 1
Area at 12, 23( 2773) col 845444 -> 2
Area at 13, 23( 2773) col 845444 -> 3
Area at 11, 24( 2774) col 152744 -> 1
Area at 12, 0( 3000) col 890117 -> 1
Area at 12, 1( 3001) col 988100 -> 1
Area at 12, 2( 3001) col 988100 -> 2
Area at 12, 3( 3003) col 88735 -> 1
Area at 12, 4( 3004) col 980758 -> 1
Area at 12, 5( 3005) col 13236 -> 1
Area at 12, 6( 3005) col 13236 -> 2
Area at 12, 12( 3012) col 930886 -> 1
Area at 12, 13( 3013) col 387825 -> 1
Area at 12, 14( 3013) col 387825 -> 2
Area at 13, 14( 3013) col 387825 -> 3
Area at 12, 15( 3015) col 151507 -> 1
Area at 12, 16( 3015) col 151507 -> 2
Area at 12, 17( 3017) col 217975 -> 1
Area at 13, 17( 3017) col 217975 -> 2
Area at 12, 18( 3018) col 289383 -> 1
Area at 12, 19( 3018) col 289383 -> 2
Area at 13, 18( 3018) col 289383 -> 3
Area at 14, 18( 3018) col 289383 -> 4
Area at 14, 19( 3018) col 289383 -> 5
Area at 15, 19( 3018) col 289383 -> 6
Area at 16, 19( 3018) col 289383 -> 7
Area at 16, 20( 3018) col 289383 -> 8
Area at 16, 21( 3018) col 289383 -> 9
Area at 17, 21( 3018) col 289383 -> 10
Area at 18, 21( 3018) col 289383 -> 11
Area at 18, 20( 3018) col 289383 -> 12
Area at 18, 19( 3018) col 289383 -> 13
Area at 18, 18( 3018) col 289383 -> 14
Area at 18, 17( 3018) col 289383 -> 15
Area at 17, 17( 3018) col 289383 -> 16
Area at 17, 18( 3018) col 289383 -> 17
Area at 17, 19( 3018) col 289383 -> 18
Area at 16, 18( 3018) col 289383 -> 19
Area at 16, 17( 3018) col 289383 -> 20
Area at 16, 16( 3018) col 289383 -> 21
Area at 17, 16( 3018) col 289383 -> 22
Area at 15, 16( 3018) col 289383 -> 23
Area at 15, 17( 3018) col 289383 -> 24
Area at 15, 18( 3018) col 289383 -> 25
Area at 14, 17( 3018) col 289383 -> 26
Area at 14, 16( 3018) col 289383 -> 27
Area at 14, 15( 3018) col 289383 -> 28
Area at 15, 15( 3018) col 289383 -> 29
Area at 12, 20( 3020) col 848227 -> 1
Area at 12, 21( 3021) col 353848 -> 1
Area at 12, 22( 3022) col 736584 -> 1
Area at 13, 22( 3022) col 736584 -> 2
Area at 12, 24( 3024) col 655144 -> 1
Area at 13, 0( 3250) col 366414 -> 1
Area at 13, 1( 3251) col 79867 -> 1
Area at 13, 2( 3252) col 22169 -> 1
Area at 13, 3( 3253) col 125530 -> 1
Area at 13, 4( 3254) col 92804 -> 1
Area at 13, 5( 3255) col 543719 -> 1
Area at 13, 6( 3256) col 397300 -> 1
Area at 13, 13( 3263) col 480931 -> 1
Area at 13, 15( 3265) col 832878 -> 1
Area at 13, 16( 3266) col 30696 -> 1
Area at 13, 19( 3269) col 465845 -> 1
Area at 13, 20( 3270) col 281165 -> 1
Area at 14, 20( 3270) col 281165 -> 2
Area at 13, 21( 3271) col 979651 -> 1
Area at 14, 21( 3271) col 979651 -> 2
Area at 13, 24( 3274) col 967769 -> 1
Area at 14, 24( 3274) col 967769 -> 2
Area at 14, 0( 3500) col 738044 -> 1
Area at 14, 1( 3501) col 739356 -> 1
Area at 14, 2( 3502) col 588579 -> 1
Area at 14, 3( 3502) col 588579 -> 2
Area at 15, 3( 3502) col 588579 -> 3
Area at 14, 4( 3504) col 475596 -> 1
Area at 14, 5( 3505) col 467941 -> 1
Area at 14, 6( 3506) col 641362 -> 1
Area at 14, 8( 3508) col 163953 -> 1
Area at 14, 9( 3509) col 692777 -> 1
Area at 14, 10( 3510) col 930886 -> 1
Area at 14, 11( 3511) col 947256 -> 1
Area at 14, 12( 3511) col 947256 -> 2
Area at 15, 11( 3511) col 947256 -> 3
Area at 16, 11( 3511) col 947256 -> 4
Area at 14, 13( 3513) col 546534 -> 1
Area at 14, 14( 3514) col 548881 -> 1
Area at 14, 22( 3522) col 10978 -> 1
Area at 14, 23( 3523) col 194568 -> 1
Area at 15, 0( 3750) col 738486 -> 1
Area at 15, 1( 3751) col 389776 -> 1
Area at 15, 2( 3752) col 557073 -> 1
Area at 16, 2( 3752) col 557073 -> 2
Area at 17, 2( 3752) col 557073 -> 3
Area at 18, 2( 3752) col 557073 -> 4
Area at 17, 1( 3752) col 557073 -> 5
Area at 16, 1( 3752) col 557073 -> 6
Area at 15, 4( 3754) col 709735 -> 1
Area at 15, 5( 3755) col 876005 -> 1
Area at 15, 6( 3756) col 199890 -> 1
Area at 15, 7( 3757) col 673078 -> 1
Area at 15, 8( 3758) col 103855 -> 1
Area at 15, 9( 3759) col 768694 -> 1
Area at 15, 10( 3760) col 957075 -> 1
Area at 15, 12( 3762) col 142742 -> 1
Area at 15, 13( 3763) col 711646 -> 1
Area at 16, 13( 3763) col 711646 -> 2
Area at 16, 14( 3763) col 711646 -> 3
Area at 16, 15( 3763) col 711646 -> 4
Area at 15, 14( 3764) col 923401 -> 1
Area at 15, 20( 3770) col 247871 -> 1
Area at 15, 21( 3771) col 286230 -> 1
Area at 15, 22( 3772) col 3056 -> 1
Area at 15, 23( 3773) col 912310 -> 1
Area at 15, 24( 3774) col 919492 -> 1
Area at 16, 0( 4000) col 12859 -> 1
Area at 16, 3( 4003) col 963244 -> 1
Area at 16, 4( 4004) col 336574 -> 1
Area at 16, 5( 4005) col 609985 -> 1
Area at 16, 6( 4006) col 924874 -> 1
Area at 17, 6( 4006) col 924874 -> 2
Area at 17, 7( 4006) col 924874 -> 3
Area at 16, 7( 4007) col 441153 -> 1
Area at 16, 8( 4007) col 441153 -> 2
Area at 16, 9( 4009) col 320959 -> 1
Area at 16, 10( 4009) col 320959 -> 2
Area at 17, 10( 4009) col 320959 -> 3
Area at 16, 12( 4012) col 925966 -> 1
Area at 16, 22( 4022) col 775837 -> 1
Area at 16, 23( 4023) col 192518 -> 1
Area at 16, 24( 4024) col 629666 -> 1
Area at 17, 0( 4250) col 528685 -> 1
Area at 17, 3( 4253) col 511661 -> 1
Area at 17, 4( 4254) col 752628 -> 1
Area at 17, 5( 4254) col 752628 -> 2
Area at 18, 4( 4254) col 752628 -> 3
Area at 17, 8( 4258) col 192161 -> 1
Area at 17, 9( 4259) col 520623 -> 1
Area at 17, 11( 4261) col 573095 -> 1
Area at 17, 12( 4262) col 103204 -> 1
Area at 17, 13( 4263) col 942034 -> 1
Area at 17, 14( 4264) col 43118 -> 1
Area at 17, 15( 4265) col 622482 -> 1
Area at 18, 15( 4265) col 622482 -> 2
Area at 17, 20( 4270) col 52782 -> 1
Area at 17, 22( 4272) col 250448 -> 1
Area at 17, 23( 4273) col 818240 -> 1
Area at 17, 24( 4274) col 813570 -> 1
Area at 18, 0( 4500) col 866952 -> 1
Area at 18, 1( 4500) col 866952 -> 2
Area at 18, 3( 4503) col 532415 -> 1
Area at 18, 5( 4505) col 5193 -> 1
Area at 18, 6( 4506) col 956466 -> 1
Area at 18, 7( 4506) col 956466 -> 2
Area at 18, 8( 4508) col 713221 -> 1
Area at 18, 9( 4509) col 908147 -> 1
Area at 18, 10( 4509) col 908147 -> 2
Area at 19, 10( 4509) col 908147 -> 3
Area at 18, 11( 4511) col 12818 -> 1
Area at 18, 12( 4512) col 938571 -> 1
Area at 19, 12( 4512) col 938571 -> 2
Area at 20, 12( 4512) col 938571 -> 3
Area at 18, 13( 4513) col 647338 -> 1
Area at 18, 14( 4514) col 171648 -> 1
Area at 18, 16( 4516) col 851210 -> 1
Area at 19, 16( 4516) col 851210 -> 2
Area at 18, 22( 4522) col 682184 -> 1
Area at 18, 23( 4523) col 671189 -> 1
Area at 18, 24( 4524) col 704500 -> 1
Area at 19, 0( 4750) col 178431 -> 1
Area at 19, 1( 4750) col 178431 -> 2
Area at 19, 2( 4752) col 976445 -> 1
Area at 19, 3( 4753) col 244070 -> 1
Area at 19, 4( 4753) col 244070 -> 2
Area at 19, 5( 4755) col 53539 -> 1
Area at 19, 6( 4755) col 53539 -> 2
Area at 19, 7( 4757) col 104718 -> 1
Area at 19, 8( 4758) col 744172 -> 1
Area at 19, 9( 4759) col 622358 -> 1
Area at 19, 11( 4761) col 743349 -> 1
Area at 20, 11( 4761) col 743349 -> 2
Area at 19, 13( 4763) col 60084 -> 1
Area at 19, 14( 4764) col 516854 -> 1
Area at 19, 15( 4764) col 516854 -> 2
Area at 19, 17( 4767) col 899425 -> 1
Area at 20, 17( 4767) col 899425 -> 2
Area at 19, 18( 4768) col 493296 -> 1
Area at 19, 19( 4769) col 563976 -> 1
Area at 19, 20( 4770) col 49325 -> 1
Area at 19, 21( 4770) col 49325 -> 2
Area at 19, 22( 4772) col 968698 -> 1
Area at 19, 23( 4773) col 649247 -> 1
Area at 19, 24( 4773) col 649247 -> 2
Area at 20, 24( 4773) col 649247 -> 3
Area at 20, 0( 5000) col 244399 -> 1
Area at 20, 1( 5000) col 244399 -> 2
Area at 20, 2( 5002) col 500039 -> 1
Area at 20, 3( 5003) col 653313 -> 1
Area at 20, 4( 5003) col 653313 -> 2
Area at 20, 5( 5005) col 254768 -> 1
Area at 20, 6( 5005) col 254768 -> 2
Area at 20, 7( 5007) col 906008 -> 1
Area at 20, 8( 5008) col 388393 -> 1
Area at 20, 9( 5009) col 324344 -> 1
Area at 21, 9( 5009) col 324344 -> 2
Area at 20, 10( 5010) col 946571 -> 1
Area at 20, 13( 5013) col 520277 -> 1
Area at 21, 13( 5013) col 520277 -> 2
Area at 22, 13( 5013) col 520277 -> 3
Area at 20, 14( 5014) col 332304 -> 1
Area at 21, 14( 5014) col 332304 -> 2
Area at 20, 15( 5015) col 781125 -> 1
Area at 20, 16( 5016) col 887977 -> 1
Area at 21, 16( 5016) col 887977 -> 2
Area at 20, 18( 5018) col 728386 -> 1
Area at 20, 19( 5019) col 980895 -> 1
Area at 20, 20( 5019) col 980895 -> 2
Area at 20, 21( 5021) col 88372 -> 1
Area at 20, 22( 5022) col 211933 -> 1
Area at 20, 23( 5022) col 211933 -> 2
Area at 21, 0( 5250) col 810713 -> 1
Area at 21, 1( 5251) col 541206 -> 1
Area at 21, 2( 5252) col 589375 -> 1
Area at 21, 3( 5252) col 589375 -> 2
Area at 21, 4( 5254) col 564704 -> 1
Area at 21, 5( 5255) col 465244 -> 1
Area at 22, 5( 5255) col 465244 -> 2
Area at 21, 6( 5256) col 549551 -> 1
Area at 21, 7( 5257) col 474781 -> 1
Area at 21, 8( 5258) col 366122 -> 1
Area at 22, 8( 5258) col 366122 -> 2
Area at 22, 7( 5258) col 366122 -> 3
Area at 21, 10( 5260) col 685548 -> 1
Area at 21, 11( 5261) col 811534 -> 1
Area at 21, 12( 5262) col 523005 -> 1
Area at 21, 15( 5265) col 228254 -> 1
Area at 21, 17( 5267) col 548359 -> 1
Area at 21, 18( 5267) col 548359 -> 2
Area at 22, 17( 5267) col 548359 -> 3
Area at 21, 19( 5269) col 780500 -> 1
Area at 22, 19( 5269) col 780500 -> 2
Area at 21, 20( 5270) col 99897 -> 1
Area at 22, 20( 5270) col 99897 -> 2
Area at 21, 21( 5271) col 748279 -> 1
Area at 21, 22( 5272) col 494513 -> 1
Area at 21, 23( 5272) col 494513 -> 2
Area at 21, 24( 5274) col 156547 -> 1
Area at 22, 0( 5500) col 245312 -> 1
Area at 23, 0( 5500) col 245312 -> 2
Area at 22, 1( 5501) col 355799 -> 1
Area at 22, 2( 5502) col 91543 -> 1
Area at 23, 2( 5502) col 91543 -> 2
Area at 22, 3( 5503) col 10475 -> 1
Area at 22, 4( 5504) col 43872 -> 1
Area at 22, 6( 5506) col 674017 -> 1
Area at 22, 9( 5509) col 338588 -> 1
Area at 22, 10( 5510) col 763603 -> 1
Area at 22, 11( 5510) col 763603 -> 2
Area at 22, 12( 5512) col 946849 -> 1
Area at 22, 14( 5514) col 510393 -> 1
Area at 23, 14( 5514) col 510393 -> 2
Area at 22, 15( 5515) col 559995 -> 1
Area at 22, 16( 5516) col 244891 -> 1
Area at 22, 18( 5518) col 349978 -> 1
Area at 22, 21( 5521) col 500185 -> 1
Area at 22, 22( 5522) col 871120 -> 1
Area at 22, 23( 5522) col 871120 -> 2
Area at 22, 24( 5524) col 505863 -> 1
Area at 23, 1( 5751) col 241879 -> 1
Area at 23, 3( 5753) col 704449 -> 1
Area at 23, 4( 5754) col 621133 -> 1
Area at 23, 5( 5755) col 273935 -> 1
Area at 23, 6( 5756) col 430026 -> 1
Area at 23, 7( 5756) col 430026 -> 2
Area at 23, 8( 5758) col 402834 -> 1
Area at 23, 9( 5759) col 69832 -> 1
Area at 23, 10( 5760) col 26181 -> 1
Area at 23, 11( 5761) col 304030 -> 1
Area at 23, 12( 5762) col 230949 -> 1
Area at 23, 13( 5763) col 778636 -> 1
Area at 24, 13( 5763) col 778636 -> 2
Area at 23, 15( 5765) col 316061 -> 1
Area at 23, 16( 5766) col 707617 -> 1
Area at 23, 17( 5767) col 857018 -> 1
Area at 24, 17( 5767) col 857018 -> 2
Area at 23, 18( 5768) col 978818 -> 1
Area at 23, 19( 5769) col 709574 -> 1
Area at 23, 20( 5769) col 709574 -> 2
Area at 23, 21( 5771) col 757415 -> 1
Area at 23, 22( 5772) col 540264 -> 1
Area at 23, 23( 5773) col 961426 -> 1
Area at 23, 24( 5774) col 233241 -> 1
Area at 24, 0( 6000) col 1042 -> 1
Area at 24, 1( 6001) col 824784 -> 1
Area at 24, 2( 6002) col 376247 -> 1
Area at 24, 3( 6003) col 740609 -> 1
Area at 24, 4( 6003) col 740609 -> 2
Area at 24, 5( 6005) col 623614 -> 1
Area at 24, 6( 6006) col 35777 -> 1
Area at 24, 7( 6007) col 456821 -> 1
Area at 24, 8( 6007) col 456821 -> 2
Area at 24, 9( 6009) col 93409 -> 1
Area at 24, 10( 6009) col 93409 -> 2
Area at 24, 11( 6011) col 58616 -> 1
Area at 24, 12( 6012) col 998337 -> 1
Area at 24, 14( 6014) col 540807 -> 1
Area at 24, 15( 6014) col 540807 -> 2
Area at 24, 16( 6016) col 279248 -> 1
Area at 24, 18( 6018) col 726479 -> 1
Area at 24, 19( 6019) col 274058 -> 1
Area at 24, 20( 6019) col 274058 -> 2
Area at 24, 21( 6021) col 776767 -> 1
Area at 24, 22( 6022) col 5744 -> 1
Area at 24, 23( 6023) col 930886 -> 1
Area at 24, 24( 6024) col 289383 -> 1
478169 w/ 832583 area 3
478169 w/ 568473 area 3
461969 w/ 478169 area 3
568473 w/ 874704 area 3
568473 w/ 659432 area 2
245560 w/ 874704 area 3
282077 w/ 874704 area 3
275405 w/ 874704 area 4
282077 w/ 719909 area 3
282077 w/ 646919 area 3
371439 w/ 719909 area 3
371439 w/ 469325 area 2
371439 w/ 394024 area 4
469325 w/ 661455 area 2
394024 w/ 469325 area 4
345929 w/ 661455 area 2
394024 w/ 661455 area 4
205895 w/ 345929 area 3
265889 w/ 345929 area 2
205895 w/ 288656 area 5
154485 w/ 288656 area 5
288656 w/ 334586 area 4
154485 w/ 611011 area 4
154485 w/ 993781 area 3
154485 w/ 700600 area 3
205263 w/ 993781 area 3
849746 w/ 993781 area 2
205263 w/ 740902 area 3
80360 w/ 205263 area 3
205263 w/ 687217 area 3
80360 w/ 861402 area 3
80360 w/ 721140 area 3
721140 w/ 861402 area 4
418009 w/ 861402 area 3
715399 w/ 861402 area 4
418009 w/ 517973 area 3
418009 w/ 715399 area 3
351315 w/ 517973 area 3
40815 w/ 517973 area 3
40815 w/ 896679 area 3
40815 w/ 351315 area 2
691605 w/ 896679 area 3
19432 w/ 691605 area 3
666273 w/ 691605 area 2
19432 w/ 97364 area 3
19432 w/ 988891 area 4
19432 w/ 505309 area 3
214442 w/ 988891 area 3
873748 w/ 988891 area 3
864697 w/ 988891 area 3
45196 w/ 873748 area 3
344919 w/ 873748 area 2
45196 w/ 776099 area 3
152744 w/ 776099 area 2
435479 w/ 776099 area 2
152744 w/ 655144 area 2
152744 w/ 845444 area 4
655144 w/ 967769 area 3
655144 w/ 845444 area 4
845444 w/ 967769 area 5
919492 w/ 967769 area 3
194568 w/ 967769 area 3
629666 w/ 919492 area 2
912310 w/ 919492 area 2
629666 w/ 813570 area 2
192518 w/ 629666 area 2
704500 w/ 813570 area 2
813570 w/ 818240 area 2
649247 w/ 704500 area 4
671189 w/ 704500 area 2
156547 w/ 649247 area 4
211933 w/ 649247 area 5
156547 w/ 505863 area 2
156547 w/ 494513 area 3
233241 w/ 505863 area 2
505863 w/ 871120 area 3
233241 w/ 289383 area 2
233241 w/ 961426 area 2
289383 w/ 930886 area 2
5744 w/ 930886 area 2
930886 w/ 961426 area 2
5744 w/ 776767 area 2
5744 w/ 540264 area 2
274058 w/ 776767 area 3
757415 w/ 776767 area 2
274058 w/ 709574 area 4
274058 w/ 726479 area 3
726479 w/ 857018 area 3
726479 w/ 978818 area 2
279248 w/ 857018 area 3
279248 w/ 540807 area 3
279248 w/ 707617 area 2
316061 w/ 540807 area 3
540807 w/ 778636 area 4
510393 w/ 540807 area 4
778636 w/ 998337 area 3
58616 w/ 998337 area 2
230949 w/ 998337 area 2
58616 w/ 93409 area 3
58616 w/ 304030 area 2
26181 w/ 93409 area 3
93409 w/ 456821 area 4
69832 w/ 93409 area 3
402834 w/ 456821 area 3
35777 w/ 456821 area 3
430026 w/ 456821 area 4
35777 w/ 623614 area 2
35777 w/ 430026 area 3
623614 w/ 740609 area 3
273935 w/ 623614 area 2
621133 w/ 740609 area 3
376247 w/ 740609 area 3
704449 w/ 740609 area 3
376247 w/ 824784 area 2
91543 w/ 376247 area 3
1042 w/ 824784 area 2
241879 w/ 824784 area 2
1042 w/ 245312 area 3
241879 w/ 245312 area 3
91543 w/ 241879 area 3
241879 w/ 355799 area 2
91543 w/ 704449 area 3
621133 w/ 704449 area 2
10475 w/ 704449 area 2
273935 w/ 621133 area 2
43872 w/ 621133 area 2
273935 w/ 430026 area 3
273935 w/ 465244 area 3
430026 w/ 674017 area 3
402834 w/ 430026 area 3
366122 w/ 430026 area 5
69832 w/ 402834 area 2
366122 w/ 402834 area 4
26181 w/ 69832 area 2
69832 w/ 338588 area 2
26181 w/ 304030 area 2
26181 w/ 763603 area 3
230949 w/ 304030 area 2
304030 w/ 763603 area 3
230949 w/ 778636 area 3
230949 w/ 946849 area 2
510393 w/ 778636 area 4
520277 w/ 778636 area 5
316061 w/ 510393 area 3
316061 w/ 707617 area 2
316061 w/ 559995 area 2
707617 w/ 857018 area 3
244891 w/ 707617 area 2
857018 w/ 978818 area 3
548359 w/ 857018 area 5
709574 w/ 978818 area 3
349978 w/ 978818 area 2
709574 w/ 780500 area 4
709574 w/ 757415 area 3
99897 w/ 709574 area 4
540264 w/ 757415 area 2
500185 w/ 757415 area 2
540264 w/ 961426 area 2
540264 w/ 871120 area 3
871120 w/ 961426 area 3
494513 w/ 871120 area 4
500185 w/ 871120 area 3
99897 w/ 500185 area 3
500185 w/ 748279 area 2
99897 w/ 780500 area 4
349978 w/ 780500 area 3
349978 w/ 548359 area 4
244891 w/ 548359 area 4
244891 w/ 559995 area 2
244891 w/ 887977 area 3
510393 w/ 559995 area 3
228254 w/ 559995 area 2
510393 w/ 520277 area 5
332304 w/ 510393 area 4
520277 w/ 946849 area 4
763603 w/ 946849 area 3
523005 w/ 946849 area 2
763603 w/ 811534 area 3
338588 w/ 763603 area 3
685548 w/ 763603 area 3
338588 w/ 366122 area 4
324344 w/ 338588 area 3
366122 w/ 674017 area 4
366122 w/ 474781 area 4
465244 w/ 674017 area 3
549551 w/ 674017 area 2
43872 w/ 465244 area 3
10475 w/ 43872 area 2
43872 w/ 564704 area 2
10475 w/ 91543 area 3
10475 w/ 589375 area 3
91543 w/ 355799 area 3
91543 w/ 589375 area 4
245312 w/ 355799 area 3
355799 w/ 541206 area 2
245312 w/ 810713 area 3
541206 w/ 810713 area 2
244399 w/ 810713 area 3
541206 w/ 589375 area 3
244399 w/ 541206 area 3
500039 w/ 589375 area 3
564704 w/ 589375 area 3
589375 w/ 653313 area 4
465244 w/ 564704 area 3
564704 w/ 653313 area 3
465244 w/ 549551 area 3
254768 w/ 465244 area 4
474781 w/ 549551 area 2
254768 w/ 549551 area 3
474781 w/ 906008 area 2
324344 w/ 366122 area 5
366122 w/ 388393 area 4
324344 w/ 685548 area 3
685548 w/ 811534 area 2
685548 w/ 946571 area 2
523005 w/ 811534 area 2
743349 w/ 811534 area 3
520277 w/ 523005 area 4
523005 w/ 938571 area 4
332304 w/ 520277 area 5
228254 w/ 332304 area 3
228254 w/ 887977 area 3
228254 w/ 781125 area 2
548359 w/ 887977 area 5
548359 w/ 899425 area 5
548359 w/ 780500 area 5
548359 w/ 728386 area 4
780500 w/ 980895 area 4
99897 w/ 748279 area 3
99897 w/ 980895 area 4
494513 w/ 748279 area 3
88372 w/ 748279 area 2
211933 w/ 494513 area 4
88372 w/ 211933 area 3
211933 w/ 968698 area 3
88372 w/ 980895 area 3
49325 w/ 88372 area 3
49325 w/ 980895 area 4
728386 w/ 980895 area 3
563976 w/ 980895 area 3
728386 w/ 899425 area 3
493296 w/ 728386 area 2
887977 w/ 899425 area 4
781125 w/ 887977 area 3
851210 w/ 887977 area 4
332304 w/ 781125 area 3
516854 w/ 781125 area 3
332304 w/ 516854 area 4
520277 w/ 938571 area 6
60084 w/ 520277 area 4
743349 w/ 938571 area 5
743349 w/ 946571 area 3
324344 w/ 946571 area 3
908147 w/ 946571 area 4
324344 w/ 388393 area 3
324344 w/ 622358 area 3
388393 w/ 906008 area 2
388393 w/ 744172 area 2
254768 w/ 906008 area 3
104718 w/ 906008 area 2
53539 w/ 254768 area 4
254768 w/ 653313 area 4
244070 w/ 653313 area 4
500039 w/ 653313 area 3
244399 w/ 500039 area 3
500039 w/ 976445 area 2
178431 w/ 244399 area 4
178431 w/ 866952 area 4
178431 w/ 976445 area 3
244070 w/ 976445 area 3
557073 w/ 976445 area 7
244070 w/ 532415 area 3
53539 w/ 244070 area 4
244070 w/ 752628 area 5
5193 w/ 53539 area 3
53539 w/ 104718 area 3
53539 w/ 956466 area 4
104718 w/ 744172 area 2
104718 w/ 956466 area 3
622358 w/ 744172 area 2
713221 w/ 744172 area 2
622358 w/ 908147 area 4
743349 w/ 908147 area 5
12818 w/ 743349 area 3
60084 w/ 938571 area 4
60084 w/ 516854 area 3
60084 w/ 647338 area 2
171648 w/ 516854 area 3
516854 w/ 851210 area 4
516854 w/ 622482 area 4
851210 w/ 899425 area 4
493296 w/ 899425 area 3
289383 w/ 899425 area 31
493296 w/ 563976 area 2
289383 w/ 493296 area 30
49325 w/ 563976 area 3
289383 w/ 563976 area 30
49325 w/ 289383 area 31
49325 w/ 968698 area 3
649247 w/ 968698 area 4
682184 w/ 968698 area 2
649247 w/ 671189 area 4
671189 w/ 682184 area 2
671189 w/ 818240 area 2
289383 w/ 682184 area 30
250448 w/ 682184 area 2
52782 w/ 289383 area 30
289383 w/ 851210 area 31
622482 w/ 851210 area 4
171648 w/ 622482 area 3
171648 w/ 647338 area 2
43118 w/ 171648 area 2
647338 w/ 938571 area 4
647338 w/ 942034 area 2
12818 w/ 938571 area 4
103204 w/ 938571 area 4
12818 w/ 908147 area 4
12818 w/ 573095 area 2
320959 w/ 908147 area 6
713221 w/ 908147 area 4
520623 w/ 908147 area 4
713221 w/ 956466 area 3
192161 w/ 713221 area 2
924874 w/ 956466 area 5
5193 w/ 956466 area 3
5193 w/ 752628 area 4
532415 w/ 752628 area 4
532415 w/ 557073 area 7
511661 w/ 532415 area 2
557073 w/ 866952 area 8
528685 w/ 866952 area 3
528685 w/ 557073 area 7
12859 w/ 528685 area 2
511661 w/ 557073 area 7
511661 w/ 752628 area 4
511661 w/ 963244 area 2
336574 w/ 752628 area 4
752628 w/ 924874 area 6
609985 w/ 752628 area 4
192161 w/ 924874 area 4
441153 w/ 924874 area 5
192161 w/ 520623 area 2
192161 w/ 441153 area 3
320959 w/ 520623 area 4
320959 w/ 573095 area 4
103204 w/ 573095 area 2
573095 w/ 947256 area 5
103204 w/ 942034 area 2
103204 w/ 925966 area 2
43118 w/ 942034 area 2
711646 w/ 942034 area 5
43118 w/ 622482 area 3
43118 w/ 711646 area 5
289383 w/ 622482 area 31
622482 w/ 711646 area 6
250448 w/ 289383 area 30
250448 w/ 818240 area 2
250448 w/ 775837 area 2
192518 w/ 818240 area 2
192518 w/ 775837 area 2
192518 w/ 912310 area 2
289383 w/ 775837 area 30
3056 w/ 775837 area 2
286230 w/ 289383 area 30
247871 w/ 289383 area 30
289383 w/ 711646 area 33
711646 w/ 923401 area 5
711646 w/ 925966 area 5
925966 w/ 947256 area 5
142742 w/ 925966 area 2
320959 w/ 947256 area 7
320959 w/ 957075 area 4
320959 w/ 441153 area 5
320959 w/ 768694 area 4
103855 w/ 441153 area 3
441153 w/ 673078 area 3
609985 w/ 924874 area 4
199890 w/ 924874 area 4
336574 w/ 609985 area 2
609985 w/ 876005 area 2
336574 w/ 963244 area 2
336574 w/ 709735 area 2
557073 w/ 963244 area 7
588579 w/ 963244 area 4
12859 w/ 557073 area 7
389776 w/ 557073 area 7
12859 w/ 738486 area 2
389776 w/ 738486 area 2
738044 w/ 738486 area 2
389776 w/ 739356 area 2
557073 w/ 588579 area 9
588579 w/ 709735 area 4
709735 w/ 876005 area 2
475596 w/ 709735 area 2
199890 w/ 876005 area 2
467941 w/ 876005 area 2
199890 w/ 673078 area 2
199890 w/ 641362 area 2
103855 w/ 673078 area 2
673078 w/ 930886 area 12
103855 w/ 768694 area 2
103855 w/ 163953 area 2
768694 w/ 957075 area 2
692777 w/ 768694 area 2
947256 w/ 957075 area 5
930886 w/ 957075 area 2
142742 w/ 947256 area 5
142742 w/ 711646 area 5
546534 w/ 711646 area 5
289383 w/ 923401 area 30
548881 w/ 923401 area 2
247871 w/ 286230 area 2
247871 w/ 281165 area 3
3056 w/ 286230 area 2
286230 w/ 979651 area 3
3056 w/ 912310 area 2
3056 w/ 10978 area 2
194568 w/ 912310 area 2
10978 w/ 194568 area 2
194568 w/ 845444 area 4
10978 w/ 979651 area 3
10978 w/ 736584 area 3
281165 w/ 979651 area 4
281165 w/ 289383 area 31
289383 w/ 465845 area 30
217975 w/ 289383 area 31
30696 w/ 289383 area 30
289383 w/ 548881 area 30
289383 w/ 832878 area 30
546534 w/ 548881 area 2
387825 w/ 548881 area 4
546534 w/ 947256 area 5
480931 w/ 546534 area 2
692777 w/ 947256 area 12
930886 w/ 947256 area 5
692777 w/ 930886 area 2
692777 w/ 930886 area 10
163953 w/ 692777 area 2
692777 w/ 930886 area 21
163953 w/ 930886 area 12
641362 w/ 930886 area 12
467941 w/ 641362 area 2
397300 w/ 641362 area 2
467941 w/ 475596 area 2
467941 w/ 543719 area 2
475596 w/ 588579 area 4
92804 w/ 475596 area 2
125530 w/ 588579 area 4
588579 w/ 739356 area 4
22169 w/ 588579 area 4
738044 w/ 739356 area 2
79867 w/ 739356 area 2
366414 w/ 738044 area 2
79867 w/ 366414 area 2
366414 w/ 890117 area 2
22169 w/ 79867 area 2
79867 w/ 988100 area 3
22169 w/ 125530 area 2
22169 w/ 988100 area 3
92804 w/ 125530 area 2
88735 w/ 125530 area 2
92804 w/ 543719 area 2
92804 w/ 980758 area 2
397300 w/ 543719 area 2
13236 w/ 543719 area 3
397300 w/ 930886 area 12
13236 w/ 397300 area 3
692777 w/ 930886 area 24
480931 w/ 692777 area 9
692777 w/ 930886 area 25
387825 w/ 480931 area 4
387825 w/ 832878 area 4
30696 w/ 832878 area 2
151507 w/ 832878 area 3
30696 w/ 217975 area 3
30696 w/ 151507 area 3
281165 w/ 465845 area 3
281165 w/ 848227 area 3
736584 w/ 979651 area 4
353848 w/ 979651 area 3
736584 w/ 845444 area 5
353848 w/ 736584 area 3
345706 w/ 736584 area 3
353848 w/ 848227 area 2
199837 w/ 353848 area 3
289383 w/ 848227 area 30
732434 w/ 848227 area 2
238199 w/ 289383 area 31
151507 w/ 217975 area 4
217975 w/ 640088 area 3
151507 w/ 379885 area 3
151507 w/ 387825 area 5
151507 w/ 316094 area 3
387825 w/ 930886 area 4
387825 w/ 930886 area 5
387825 w/ 692777 area 11
692777 w/ 930886 area 27
13236 w/ 692777 area 5
13236 w/ 290577 area 5
13236 w/ 980758 area 3
88735 w/ 980758 area 2
290577 w/ 980758 area 4
88735 w/ 988100 area 3
88735 w/ 774866 area 3
774866 w/ 988100 area 4
890117 w/ 988100 area 3
987201 w/ 988100 area 3
449239 w/ 890117 area 2
449239 w/ 987201 area 2
449239 w/ 991703 area 2
774866 w/ 987201 area 3
570530 w/ 987201 area 2
22049 w/ 774866 area 3
290577 w/ 774866 area 5
246489 w/ 774866 area 3
290577 w/ 785076 area 4
290577 w/ 388440 area 5
290577 w/ 692777 area 6
290577 w/ 930886 area 4
692777 w/ 930886 area 32
692777 w/ 930886 area 33
316094 w/ 930886 area 2
692777 w/ 930886 area 59
316094 w/ 379885 area 2
316094 w/ 692777 area 27
379885 w/ 640088 area 2
379885 w/ 390406 area 3
238199 w/ 640088 area 3
625606 w/ 640088 area 2
238199 w/ 738393 area 3
238199 w/ 732434 area 3
238199 w/ 388431 area 3
199837 w/ 732434 area 3
325968 w/ 732434 area 2
199837 w/ 345706 area 3
345706 w/ 845444 area 4
345706 w/ 897293 area 2
435479 w/ 845444 area 4
435479 w/ 897293 area 2
45196 w/ 435479 area 3
199837 w/ 897293 area 3
102875 w/ 897293 area 2
199837 w/ 325968 area 3
199837 w/ 232243 area 3
325968 w/ 388431 area 2
325968 w/ 842275 area 2
388431 w/ 738393 area 2
105476 w/ 388431 area 2
625606 w/ 738393 area 2
13263 w/ 738393 area 2
390406 w/ 625606 area 3
625606 w/ 854447 area 5
390406 w/ 692777 area 28
692777 w/ 930886 area 60
692777 w/ 930886 area 68
692777 w/ 930886 area 69
692777 w/ 930886 area 70
388440 w/ 930886 area 3
692777 w/ 930886 area 71
388440 w/ 785076 area 3
246489 w/ 785076 area 2
785076 w/ 959367 area 2
22049 w/ 246489 area 2
246489 w/ 526214 area 2
22049 w/ 570530 area 2
22049 w/ 794691 area 3
570530 w/ 991703 area 2
570530 w/ 794691 area 3
983130 w/ 991703 area 3
794691 w/ 983130 area 4
290963 w/ 794691 area 3
526214 w/ 794691 area 3
127486 w/ 794691 area 3
526214 w/ 959367 area 2
26101 w/ 526214 area 3
388440 w/ 959367 area 3
523539 w/ 959367 area 2
388440 w/ 692777 area 3
388440 w/ 504178 area 5
90023 w/ 692777 area 2
692777 w/ 930886 area 72
390406 w/ 854447 area 6
390406 w/ 568990 area 3
13263 w/ 854447 area 5
13263 w/ 105476 area 2
105476 w/ 842275 area 2
105476 w/ 500799 area 2
232243 w/ 842275 area 2
325453 w/ 842275 area 2
102875 w/ 232243 area 2
232243 w/ 370277 area 2
45196 w/ 102875 area 3
102875 w/ 473250 area 2
45196 w/ 344919 area 3
344919 w/ 473250 area 2
344919 w/ 864697 area 2
370277 w/ 473250 area 2
473250 w/ 751470 area 5
325453 w/ 370277 area 2
370277 w/ 751470 area 5
325453 w/ 500799 area 2
325453 w/ 751470 area 5
500799 w/ 854447 area 5
500799 w/ 747325 area 2
568990 w/ 854447 area 5
805823 w/ 854447 area 5
568990 w/ 930886 area 2
568990 w/ 692777 area 27
692777 w/ 930886 area 78
633000 w/ 930886 area 9
90023 w/ 930886 area 9
692777 w/ 930886 area 79
90023 w/ 504178 area 4
504178 w/ 523539 area 4
26101 w/ 523539 area 3
523539 w/ 732069 area 2
26101 w/ 127486 area 3
127486 w/ 290963 area 2
127486 w/ 915870 area 2
290963 w/ 983130 area 3
164169 w/ 290963 area 3
164169 w/ 983130 area 4
164169 w/ 388898 area 4
164169 w/ 915870 area 3
164169 w/ 599678 area 3
26101 w/ 915870 area 3
456778 w/ 915870 area 5
26101 w/ 732069 area 3
26101 w/ 517122 area 3
504178 w/ 732069 area 4
334712 w/ 732069 area 2
422453 w/ 504178 area 4
504178 w/ 692777 area 4
504178 w/ 635854 area 5
633000 w/ 692777 area 2
635854 w/ 692777 area 3
8740 w/ 633000 area 2
692777 w/ 805823 area 27
692777 w/ 698870 area 27
575455 w/ 805823 area 4
747325 w/ 854447 area 5
707178 w/ 854447 area 5
747325 w/ 751470 area 5
747325 w/ 790837 area 2
425985 w/ 751470 area 5
751470 w/ 864697 area 5
166371 w/ 751470 area 5
214442 w/ 864697 area 2
166371 w/ 214442 area 2
214442 w/ 505309 area 2
166371 w/ 850805 area 2
200229 w/ 751470 area 5
425985 w/ 790837 area 2
425985 w/ 908277 area 2
707178 w/ 790837 area 2
516595 w/ 790837 area 6
575455 w/ 707178 area 4
516595 w/ 707178 area 6
575455 w/ 698870 area 4
698870 w/ 930886 area 2
8740 w/ 930886 area 9
8740 w/ 635854 area 3
8740 w/ 467479 area 2
635854 w/ 751620 area 3
422453 w/ 635854 area 3
539311 w/ 635854 area 3
334712 w/ 422453 area 2
422453 w/ 509328 area 2
334712 w/ 517122 area 2
334712 w/ 469302 area 2
456778 w/ 517122 area 5
456778 w/ 599678 area 5
388898 w/ 599678 area 3
388898 w/ 456778 area 6
388898 w/ 528029 area 3
355989 w/ 456778 area 6
456778 w/ 469302 area 5
132999 w/ 456778 area 5
469302 w/ 509328 area 2
77689 w/ 469302 area 3
509328 w/ 539311 area 2
509328 w/ 726390 area 2
539311 w/ 751620 area 2
286157 w/ 539311 area 4
467479 w/ 751620 area 2
641889 w/ 751620 area 2
467479 w/ 692777 area 27
462828 w/ 467479 area 3
462828 w/ 692777 area 28
692777 w/ 930886 area 80
112231 w/ 692777 area 27
692777 w/ 930886 area 81
616935 w/ 692777 area 27
575455 w/ 930886 area 4
692777 w/ 930886 area 82
516595 w/ 575455 area 8
516595 w/ 908277 area 6
200229 w/ 908277 area 2
417001 w/ 908277 area 2
200229 w/ 850805 area 2
200229 w/ 436334 area 3
505309 w/ 850805 area 2
436334 w/ 850805 area 3
97364 w/ 505309 area 2
97364 w/ 436334 area 3
97364 w/ 666273 area 2
381555 w/ 436334 area 3
417001 w/ 436334 area 3
148863 w/ 436334 area 3
417001 w/ 516595 area 6
187931 w/ 417001 area 2
278962 w/ 516595 area 6
575455 w/ 692777 area 4
240818 w/ 575455 area 4
692777 w/ 926451 area 2
112231 w/ 616935 area 2
616935 w/ 742223 area 2
112231 w/ 930886 area 2
19253 w/ 112231 area 2
692777 w/ 930886 area 84
692777 w/ 930886 area 85
692777 w/ 846316 area 27
37932 w/ 462828 area 3
462828 w/ 641889 area 3
462828 w/ 574839 area 4
286157 w/ 641889 area 4
286157 w/ 726390 area 4
77689 w/ 726390 area 3
392306 w/ 726390 area 2
77689 w/ 132999 area 3
132999 w/ 355989 area 3
132999 w/ 991774 area 2
280134 w/ 355989 area 4
355989 w/ 528029 area 3
355989 w/ 448096 area 3
410257 w/ 528029 area 2
410257 w/ 448096 area 2
283427 w/ 410257 area 2
280134 w/ 448096 area 3
397112 w/ 448096 area 2
280134 w/ 991774 area 3
77689 w/ 991774 area 3
790638 w/ 991774 area 2
77689 w/ 392306 area 3
77689 w/ 275405 area 4
286157 w/ 392306 area 4
392306 w/ 646919 area 3
286157 w/ 327779 area 4
286157 w/ 574839 area 5
286157 w/ 987322 area 4
37932 w/ 574839 area 3
37932 w/ 846316 area 2
37932 w/ 255486 area 2
787437 w/ 846316 area 2
634181 w/ 692777 area 27
585728 w/ 930886 area 2
19253 w/ 692777 area 3
19253 w/ 742223 area 2
19253 w/ 611011 area 3
742223 w/ 926451 area 2
149281 w/ 742223 area 2
240818 w/ 926451 area 2
630780 w/ 926451 area 2
240818 w/ 278962 area 2
100976 w/ 240818 area 2
54465 w/ 278962 area 2
187931 w/ 516595 area 6
190466 w/ 516595 area 6
148863 w/ 187931 area 2
187931 w/ 398185 area 3
148863 w/ 381555 area 2
148863 w/ 398185 area 3
381555 w/ 666273 area 2
381555 w/ 932454 area 2
666273 w/ 896679 area 3
896679 w/ 932454 area 3
351315 w/ 896679 area 3
398185 w/ 932454 area 3
715399 w/ 932454 area 3
398185 w/ 715399 area 4
190466 w/ 398185 area 3
398185 w/ 721140 area 4
54465 w/ 190466 area 2
190466 w/ 721140 area 3
54465 w/ 100976 area 2
54465 w/ 687217 area 2
100976 w/ 630780 area 2
100976 w/ 740902 area 2
149281 w/ 630780 area 2
630780 w/ 849746 area 2
149281 w/ 611011 area 3
149281 w/ 700600 area 2
611011 w/ 692777 area 4
585728 w/ 692777 area 3
334586 w/ 692777 area 3
585728 w/ 634181 area 2
288656 w/ 585728 area 4
634181 w/ 787437 area 2
205895 w/ 634181 area 3
255486 w/ 787437 area 2
265889 w/ 787437 area 2
255486 w/ 574839 area 3
255486 w/ 394024 area 4
574839 w/ 987322 area 3
394024 w/ 574839 area 5
327779 w/ 987322 area 2
394024 w/ 987322 area 4
327779 w/ 646919 area 3
327779 w/ 719909 area 3
275405 w/ 646919 area 4
275405 w/ 790638 area 3
280134 w/ 790638 area 3
245560 w/ 790638 area 2
280134 w/ 397112 area 3
280134 w/ 659432 area 3
283427 w/ 397112 area 2
397112 w/ 461969 area 2
283427 w/ 832583 area 2
461969 w/ 832583 area 2
461969 w/ 659432 area 2
245560 w/ 659432 area 2
245560 w/ 275405 area 3
646919 w/ 719909 area 4
394024 w/ 719909 area 5
265889 w/ 394024 area 4
205895 w/ 265889 area 3
334586 w/ 611011 area 3
611011 w/ 700600 area 3
700600 w/ 849746 area 2
740902 w/ 849746 area 2
687217 w/ 740902 area 2
687217 w/ 721140 area 3
715399 w/ 721140 area 4
351315 w/ 715399 area 3
1042 to 245312: 3
1042 to 824784: 2
3056 to 10978: 2
3056 to 286230: 2
3056 to 775837: 2
3056 to 912310: 2
5193 to 53539: 3
5193 to 752628: 4
5193 to 956466: 3
5744 to 540264: 2
5744 to 776767: 2
5744 to 930886: 2
8740 to 467479: 2
8740 to 633000: 2
8740 to 635854: 3
8740 to 930886: 9
10475 to 43872: 2
10475 to 91543: 3
10475 to 589375: 3
10475 to 704449: 2
10978 to 194568: 2
10978 to 736584: 3
10978 to 979651: 3
12818 to 573095: 2
12818 to 743349: 3
12818 to 908147: 4
12818 to 938571: 4
12859 to 528685: 2
12859 to 557073: 7
12859 to 738486: 2
13236 to 290577: 5
13236 to 397300: 3
13236 to 543719: 3
13236 to 692777: 5
13236 to 980758: 3
13263 to 105476: 2
13263 to 738393: 2
13263 to 854447: 5
19253 to 112231: 2
19253 to 611011: 3
19253 to 692777: 3
19253 to 742223: 2
19432 to 97364: 3
19432 to 505309: 3
19432 to 691605: 3
19432 to 988891: 4
22049 to 246489: 2
22049 to 570530: 2
22049 to 774866: 3
22049 to 794691: 3
22169 to 79867: 2
22169 to 125530: 2
22169 to 588579: 4
22169 to 988100: 3
26101 to 127486: 3
26101 to 517122: 3
26101 to 523539: 3
26101 to 526214: 3
26101 to 732069: 3
26101 to 915870: 3
26181 to 69832: 2
26181 to 93409: 3
26181 to 304030: 2
26181 to 763603: 3
30696 to 151507: 3
30696 to 217975: 3
30696 to 289383: 30
30696 to 832878: 2
35777 to 430026: 3
35777 to 456821: 3
35777 to 623614: 2
37932 to 255486: 2
37932 to 462828: 3
37932 to 574839: 3
37932 to 846316: 2
40815 to 351315: 2
40815 to 517973: 3
40815 to 896679: 3
43118 to 171648: 2
43118 to 622482: 3
43118 to 711646: 5
43118 to 942034: 2
43872 to 465244: 3
43872 to 564704: 2
43872 to 621133: 2
45196 to 102875: 3
45196 to 344919: 3
45196 to 435479: 3
45196 to 776099: 3
45196 to 873748: 3
49325 to 88372: 3
49325 to 289383: 31
49325 to 563976: 3
49325 to 968698: 3
49325 to 980895: 4
52782 to 289383: 30
53539 to 104718: 3
53539 to 244070: 4
53539 to 254768: 4
53539 to 956466: 4
54465 to 100976: 2
54465 to 190466: 2
54465 to 278962: 2
54465 to 687217: 2
58616 to 93409: 3
58616 to 304030: 2
58616 to 998337: 2
60084 to 516854: 3
60084 to 520277: 4
60084 to 647338: 2
60084 to 938571: 4
69832 to 93409: 3
69832 to 338588: 2
69832 to 402834: 2
77689 to 132999: 3
77689 to 275405: 4
77689 to 392306: 3
77689 to 469302: 3
77689 to 726390: 3
77689 to 991774: 3
79867 to 366414: 2
79867 to 739356: 2
79867 to 988100: 3
80360 to 205263: 3
80360 to 721140: 3
80360 to 861402: 3
88372 to 211933: 3
88372 to 748279: 2
88372 to 980895: 3
88735 to 125530: 2
88735 to 774866: 3
88735 to 980758: 2
88735 to 988100: 3
90023 to 504178: 4
90023 to 692777: 2
90023 to 930886: 9
91543 to 241879: 3
91543 to 355799: 3
91543 to 376247: 3
91543 to 589375: 4
91543 to 704449: 3
92804 to 125530: 2
92804 to 475596: 2
92804 to 543719: 2
92804 to 980758: 2
93409 to 456821: 4
97364 to 436334: 3
97364 to 505309: 2
97364 to 666273: 2
99897 to 500185: 3
99897 to 709574: 4
99897 to 748279: 3
99897 to 780500: 4
99897 to 980895: 4
100976 to 240818: 2
100976 to 630780: 2
100976 to 740902: 2
102875 to 232243: 2
102875 to 473250: 2
102875 to 897293: 2
103204 to 573095: 2
103204 to 925966: 2
103204 to 938571: 4
103204 to 942034: 2
103855 to 163953: 2
103855 to 441153: 3
103855 to 673078: 2
103855 to 768694: 2
104718 to 744172: 2
104718 to 906008: 2
104718 to 956466: 3
105476 to 388431: 2
105476 to 500799: 2
105476 to 842275: 2
112231 to 616935: 2
112231 to 692777: 27
112231 to 930886: 2
125530 to 588579: 4
127486 to 290963: 2
127486 to 794691: 3
127486 to 915870: 2
132999 to 355989: 3
132999 to 456778: 5
132999 to 991774: 2
142742 to 711646: 5
142742 to 925966: 2
142742 to 947256: 5
148863 to 187931: 2
148863 to 381555: 2
148863 to 398185: 3
148863 to 436334: 3
149281 to 611011: 3
149281 to 630780: 2
149281 to 700600: 2
149281 to 742223: 2
151507 to 217975: 4
151507 to 316094: 3
151507 to 379885: 3
151507 to 387825: 5
151507 to 832878: 3
152744 to 655144: 2
152744 to 776099: 2
152744 to 845444: 4
154485 to 288656: 5
154485 to 611011: 4
154485 to 700600: 3
154485 to 993781: 3
156547 to 494513: 3
156547 to 505863: 2
156547 to 649247: 4
163953 to 692777: 2
163953 to 930886: 12
164169 to 290963: 3
164169 to 388898: 4
164169 to 599678: 3
164169 to 915870: 3
164169 to 983130: 4
166371 to 214442: 2
166371 to 751470: 5
166371 to 850805: 2
171648 to 516854: 3
171648 to 622482: 3
171648 to 647338: 2
178431 to 244399: 4
178431 to 866952: 4
178431 to 976445: 3
187931 to 398185: 3
187931 to 417001: 2
187931 to 516595: 6
190466 to 398185: 3
190466 to 516595: 6
190466 to 721140: 3
192161 to 441153: 3
192161 to 520623: 2
192161 to 713221: 2
192161 to 924874: 4
192518 to 629666: 2
192518 to 775837: 2
192518 to 818240: 2
192518 to 912310: 2
194568 to 845444: 4
194568 to 912310: 2
194568 to 967769: 3
199837 to 232243: 3
199837 to 325968: 3
199837 to 345706: 3
199837 to 353848: 3
199837 to 732434: 3
199837 to 897293: 3
199890 to 641362: 2
199890 to 673078: 2
199890 to 876005: 2
199890 to 924874: 4
200229 to 436334: 3
200229 to 751470: 5
200229 to 850805: 2
200229 to 908277: 2
205263 to 687217: 3
205263 to 740902: 3
205263 to 993781: 3
205895 to 265889: 3
205895 to 288656: 5
205895 to 345929: 3
205895 to 634181: 3
211933 to 494513: 4
211933 to 649247: 5
211933 to 968698: 3
214442 to 505309: 2
214442 to 864697: 2
214442 to 988891: 3
217975 to 289383: 31
217975 to 640088: 3
228254 to 332304: 3
228254 to 559995: 2
228254 to 781125: 2
228254 to 887977: 3
230949 to 304030: 2
230949 to 778636: 3
230949 to 946849: 2
230949 to 998337: 2
232243 to 370277: 2
232243 to 842275: 2
233241 to 289383: 2
233241 to 505863: 2
233241 to 961426: 2
238199 to 289383: 31
238199 to 388431: 3
238199 to 640088: 3
238199 to 732434: 3
238199 to 738393: 3
240818 to 278962: 2
240818 to 575455: 4
240818 to 926451: 2
241879 to 245312: 3
241879 to 355799: 2
241879 to 824784: 2
244070 to 532415: 3
244070 to 653313: 4
244070 to 752628: 5
244070 to 976445: 3
244399 to 500039: 3
244399 to 541206: 3
244399 to 810713: 3
244891 to 548359: 4
244891 to 559995: 2
244891 to 707617: 2
244891 to 887977: 3
245312 to 355799: 3
245312 to 810713: 3
245560 to 275405: 3
245560 to 659432: 2
245560 to 790638: 2
245560 to 874704: 3
246489 to 526214: 2
246489 to 774866: 3
246489 to 785076: 2
247871 to 281165: 3
247871 to 286230: 2
247871 to 289383: 30
250448 to 289383: 30
250448 to 682184: 2
250448 to 775837: 2
250448 to 818240: 2
254768 to 465244: 4
254768 to 549551: 3
254768 to 653313: 4
254768 to 906008: 3
255486 to 394024: 4
255486 to 574839: 3
255486 to 787437: 2
265889 to 345929: 2
265889 to 394024: 4
265889 to 787437: 2
273935 to 430026: 3
273935 to 465244: 3
273935 to 621133: 2
273935 to 623614: 2
274058 to 709574: 4
274058 to 726479: 3
274058 to 776767: 3
275405 to 646919: 4
275405 to 790638: 3
275405 to 874704: 4
278962 to 516595: 6
279248 to 540807: 3
279248 to 707617: 2
279248 to 857018: 3
280134 to 355989: 4
280134 to 397112: 3
280134 to 448096: 3
280134 to 659432: 3
280134 to 790638: 3
280134 to 991774: 3
281165 to 289383: 31
281165 to 465845: 3
281165 to 848227: 3
281165 to 979651: 4
282077 to 646919: 3
282077 to 719909: 3
282077 to 874704: 3
283427 to 397112: 2
283427 to 410257: 2
283427 to 832583: 2
286157 to 327779: 4
286157 to 392306: 4
286157 to 539311: 4
286157 to 574839: 5
286157 to 641889: 4
286157 to 726390: 4
286157 to 987322: 4
286230 to 289383: 30
286230 to 979651: 3
288656 to 334586: 4
288656 to 585728: 4
289383 to 465845: 30
289383 to 493296: 30
289383 to 548881: 30
289383 to 563976: 30
289383 to 622482: 31
289383 to 682184: 30
289383 to 711646: 33
289383 to 775837: 30
289383 to 832878: 30
289383 to 848227: 30
289383 to 851210: 31
289383 to 899425: 31
289383 to 923401: 30
289383 to 930886: 2
290577 to 388440: 5
290577 to 692777: 6
290577 to 774866: 5
290577 to 785076: 4
290577 to 930886: 4
290577 to 980758: 4
290963 to 794691: 3
290963 to 983130: 3
304030 to 763603: 3
316061 to 510393: 3
316061 to 540807: 3
316061 to 559995: 2
316061 to 707617: 2
316094 to 379885: 2
316094 to 692777: 27
316094 to 930886: 2
320959 to 441153: 5
320959 to 520623: 4
320959 to 573095: 4
320959 to 768694: 4
320959 to 908147: 6
320959 to 947256: 7
320959 to 957075: 4
324344 to 338588: 3
324344 to 366122: 5
324344 to 388393: 3
324344 to 622358: 3
324344 to 685548: 3
324344 to 946571: 3
325453 to 370277: 2
325453 to 500799: 2
325453 to 751470: 5
325453 to 842275: 2
325968 to 388431: 2
325968 to 732434: 2
325968 to 842275: 2
327779 to 646919: 3
327779 to 719909: 3
327779 to 987322: 2
332304 to 510393: 4
332304 to 516854: 4
332304 to 520277: 5
332304 to 781125: 3
334586 to 611011: 3
334586 to 692777: 3
334712 to 422453: 2
334712 to 469302: 2
334712 to 517122: 2
334712 to 732069: 2
336574 to 609985: 2
336574 to 709735: 2
336574 to 752628: 4
336574 to 963244: 2
338588 to 366122: 4
338588 to 763603: 3
344919 to 473250: 2
344919 to 864697: 2
344919 to 873748: 2
345706 to 736584: 3
345706 to 845444: 4
345706 to 897293: 2
345929 to 661455: 2
349978 to 548359: 4
349978 to 780500: 3
349978 to 978818: 2
351315 to 517973: 3
351315 to 715399: 3
351315 to 896679: 3
353848 to 736584: 3
353848 to 848227: 2
353848 to 979651: 3
355799 to 541206: 2
355989 to 448096: 3
355989 to 456778: 6
355989 to 528029: 3
366122 to 388393: 4
366122 to 402834: 4
366122 to 430026: 5
366122 to 474781: 4
366122 to 674017: 4
366414 to 738044: 2
366414 to 890117: 2
370277 to 473250: 2
370277 to 751470: 5
371439 to 394024: 4
371439 to 469325: 2
371439 to 719909: 3
376247 to 740609: 3
376247 to 824784: 2
379885 to 390406: 3
379885 to 640088: 2
381555 to 436334: 3
381555 to 666273: 2
381555 to 932454: 2
387825 to 480931: 4
387825 to 548881: 4
387825 to 692777: 11
387825 to 832878: 4
387825 to 930886: 5
388393 to 744172: 2
388393 to 906008: 2
388431 to 738393: 2
388440 to 504178: 5
388440 to 692777: 3
388440 to 785076: 3
388440 to 930886: 3
388440 to 959367: 3
388898 to 456778: 6
388898 to 528029: 3
388898 to 599678: 3
389776 to 557073: 7
389776 to 738486: 2
389776 to 739356: 2
390406 to 568990: 3
390406 to 625606: 3
390406 to 692777: 28
390406 to 854447: 6
392306 to 646919: 3
392306 to 726390: 2
394024 to 469325: 4
394024 to 574839: 5
394024 to 661455: 4
394024 to 719909: 5
394024 to 987322: 4
397112 to 448096: 2
397112 to 461969: 2
397300 to 543719: 2
397300 to 641362: 2
397300 to 930886: 12
398185 to 715399: 4
398185 to 721140: 4
398185 to 932454: 3
402834 to 430026: 3
402834 to 456821: 3
410257 to 448096: 2
410257 to 528029: 2
417001 to 436334: 3
417001 to 516595: 6
417001 to 908277: 2
418009 to 517973: 3
418009 to 715399: 3
418009 to 861402: 3
422453 to 504178: 4
422453 to 509328: 2
422453 to 635854: 3
425985 to 751470: 5
425985 to 790837: 2
425985 to 908277: 2
430026 to 456821: 4
430026 to 674017: 3
435479 to 776099: 2
435479 to 845444: 4
435479 to 897293: 2
436334 to 850805: 3
441153 to 673078: 3
441153 to 924874: 5
449239 to 890117: 2
449239 to 987201: 2
449239 to 991703: 2
456778 to 469302: 5
456778 to 517122: 5
456778 to 599678: 5
456778 to 915870: 5
461969 to 478169: 3
461969 to 659432: 2
461969 to 832583: 2
462828 to 467479: 3
462828 to 574839: 4
462828 to 641889: 3
462828 to 692777: 28
465244 to 549551: 3
465244 to 564704: 3
465244 to 674017: 3
467479 to 692777: 27
467479 to 751620: 2
467941 to 475596: 2
467941 to 543719: 2
467941 to 641362: 2
467941 to 876005: 2
469302 to 509328: 2
469325 to 661455: 2
473250 to 751470: 5
474781 to 549551: 2
474781 to 906008: 2
475596 to 588579: 4
475596 to 709735: 2
478169 to 568473: 3
478169 to 832583: 3
480931 to 546534: 2
480931 to 692777: 9
493296 to 563976: 2
493296 to 728386: 2
493296 to 899425: 3
494513 to 748279: 3
494513 to 871120: 4
500039 to 589375: 3
500039 to 653313: 3
500039 to 976445: 2
500185 to 748279: 2
500185 to 757415: 2
500185 to 871120: 3
500799 to 747325: 2
500799 to 854447: 5
504178 to 523539: 4
504178 to 635854: 5
504178 to 692777: 4
504178 to 732069: 4
505309 to 850805: 2
505863 to 871120: 3
509328 to 539311: 2
509328 to 726390: 2
510393 to 520277: 5
510393 to 540807: 4
510393 to 559995: 3
510393 to 778636: 4
511661 to 532415: 2
511661 to 557073: 7
511661 to 752628: 4
511661 to 963244: 2
516595 to 575455: 8
516595 to 707178: 6
516595 to 790837: 6
516595 to 908277: 6
516854 to 622482: 4
516854 to 781125: 3
516854 to 851210: 4
520277 to 523005: 4
520277 to 778636: 5
520277 to 938571: 6
520277 to 946849: 4
520623 to 908147: 4
523005 to 811534: 2
523005 to 938571: 4
523005 to 946849: 2
523539 to 732069: 2
523539 to 959367: 2
526214 to 794691: 3
526214 to 959367: 2
528685 to 557073: 7
528685 to 866952: 3
532415 to 557073: 7
532415 to 752628: 4
539311 to 635854: 3
539311 to 751620: 2
540264 to 757415: 2
540264 to 871120: 3
540264 to 961426: 2
540807 to 778636: 4
541206 to 589375: 3
541206 to 810713: 2
546534 to 548881: 2
546534 to 711646: 5
546534 to 947256: 5
548359 to 728386: 4
548359 to 780500: 5
548359 to 857018: 5
548359 to 887977: 5
548359 to 899425: 5
548881 to 923401: 2
549551 to 674017: 2
557073 to 588579: 9
557073 to 866952: 8
557073 to 963244: 7
557073 to 976445: 7
563976 to 980895: 3
564704 to 589375: 3
564704 to 653313: 3
568473 to 659432: 2
568473 to 874704: 3
568990 to 692777: 27
568990 to 854447: 5
568990 to 930886: 2
570530 to 794691: 3
570530 to 987201: 2
570530 to 991703: 2
573095 to 947256: 5
574839 to 987322: 3
575455 to 692777: 4
575455 to 698870: 4
575455 to 707178: 4
575455 to 805823: 4
575455 to 930886: 4
585728 to 634181: 2
585728 to 692777: 3
585728 to 930886: 2
588579 to 709735: 4
588579 to 739356: 4
588579 to 963244: 4
589375 to 653313: 4
609985 to 752628: 4
609985 to 876005: 2
609985 to 924874: 4
611011 to 692777: 4
611011 to 700600: 3
616935 to 692777: 28
616935 to 742223: 2
621133 to 704449: 2
621133 to 740609: 3
622358 to 744172: 2
622358 to 908147: 4
622482 to 711646: 6
622482 to 851210: 4
623614 to 740609: 3
625606 to 640088: 2
625606 to 738393: 2
625606 to 854447: 5
629666 to 813570: 2
629666 to 919492: 2
630780 to 849746: 2
630780 to 926451: 2
633000 to 692777: 2
633000 to 930886: 9
634181 to 692777: 27
634181 to 787437: 2
635854 to 692777: 3
635854 to 751620: 3
641362 to 930886: 12
641889 to 751620: 2
646919 to 719909: 4
647338 to 938571: 4
647338 to 942034: 2
649247 to 671189: 4
649247 to 704500: 4
649247 to 968698: 4
655144 to 845444: 4
655144 to 967769: 3
666273 to 691605: 2
666273 to 896679: 3
671189 to 682184: 2
671189 to 704500: 2
671189 to 818240: 2
673078 to 930886: 12
682184 to 968698: 2
685548 to 763603: 3
685548 to 811534: 2
685548 to 946571: 2
687217 to 721140: 3
687217 to 740902: 2
691605 to 896679: 3
692777 to 698870: 27
692777 to 768694: 2
692777 to 805823: 27
692777 to 846316: 27
692777 to 926451: 2
692777 to 930886: 85
692777 to 947256: 12
698870 to 930886: 2
700600 to 849746: 2
704449 to 740609: 3
704500 to 813570: 2
707178 to 790837: 2
707178 to 854447: 5
707617 to 857018: 3
709574 to 757415: 3
709574 to 780500: 4
709574 to 978818: 3
709735 to 876005: 2
711646 to 923401: 5
711646 to 925966: 5
711646 to 942034: 5
713221 to 744172: 2
713221 to 908147: 4
713221 to 956466: 3
715399 to 721140: 4
715399 to 861402: 4
715399 to 932454: 3
721140 to 861402: 4
726479 to 857018: 3
726479 to 978818: 2
728386 to 899425: 3
728386 to 980895: 3
732434 to 848227: 2
736584 to 845444: 5
736584 to 979651: 4
738044 to 738486: 2
738044 to 739356: 2
740902 to 849746: 2
742223 to 926451: 2
743349 to 811534: 3
743349 to 908147: 5
743349 to 938571: 5
743349 to 946571: 3
747325 to 751470: 5
747325 to 790837: 2
747325 to 854447: 5
751470 to 864697: 5
752628 to 924874: 6
757415 to 776767: 2
763603 to 811534: 3
763603 to 946849: 3
768694 to 957075: 2
774866 to 987201: 3
774866 to 988100: 4
778636 to 998337: 3
780500 to 980895: 4
781125 to 887977: 3
785076 to 959367: 2
787437 to 846316: 2
790638 to 991774: 2
794691 to 983130: 4
805823 to 854447: 5
813570 to 818240: 2
845444 to 967769: 5
849746 to 993781: 2
851210 to 887977: 4
851210 to 899425: 4
857018 to 978818: 3
864697 to 988891: 3
871120 to 961426: 3
873748 to 988891: 3
887977 to 899425: 4
890117 to 988100: 3
896679 to 932454: 3
908147 to 946571: 4
912310 to 919492: 2
919492 to 967769: 3
924874 to 956466: 5
925966 to 947256: 5
930886 to 947256: 5
930886 to 957075: 2
930886 to 961426: 2
947256 to 957075: 5
983130 to 991703: 3
987201 to 988100: 3
2 2 1 2 2 1 2 1 1 1 1 2 3 3 2 2 1 2 2 1 2 2 1 2 2 
1 1 1 1 2 2 2 3 3 3 1 2 3 1 2 1 1 1 1 2 2 2 2 1 1 
1 1 2 1 2 2 1 1 2 1 1 1 1 2 2 1 1 1 1 1 2 2 1 2 2 
1 1 2 1 2 1 3 3 2 1 1 26 1 2 1 1 1 1 1 5 1 1 1 1 1 
1 2 2 1 2 1 3 1 2 2 26 26 26 1 1 1 1 3 5 5 1 2 2 1 2 
2 4 4 4 1 1 1 1 1 26 26 26 26 26 26 26 1 3 5 5 1 1 1 1 2 
2 1 4 1 1 1 2 2 1 8 26 26 6 6 6 26 1 3 1 1 1 4 1 1 2 
2 2 1 2 1 3 3 1 1 8 26 26 6 6 6 26 26 1 4 1 4 4 4 1 2 
2 1 1 2 1 3 1 8 8 8 8 26 26 26 26 1 1 4 4 1 1 1 1 1 1 
2 2 2 1 1 2 1 8 1 8 1 5 5 5 26 26 2 4 1 1 1 1 1 2 2 
1 1 1 1 1 2 1 3 11 2 11 8 5 5 26 26 2 1 1 1 1 2 1 1 1 
1 1 2 2 3 3 3 3 11 2 11 8 8 8 1 1 1 1 2 2 1 2 1 3 1 
1 2 2 1 1 2 2 3 11 11 11 8 1 3 3 2 2 2 29 29 1 1 2 3 1 
1 1 1 1 1 1 1 11 11 11 8 8 8 1 3 1 1 2 29 1 2 2 2 3 2 
1 1 3 3 1 1 1 11 1 1 1 4 4 1 1 29 29 29 29 29 2 2 1 1 2 
1 1 6 3 1 1 1 1 1 1 1 4 1 4 1 29 29 29 29 29 1 1 1 1 1 
1 6 6 1 1 1 3 2 2 3 3 4 1 4 4 4 29 29 29 29 29 29 1 1 1 
1 6 6 1 3 3 3 3 1 1 3 1 1 1 1 2 29 29 29 29 1 29 1 1 1 
2 2 6 1 3 1 2 2 1 3 3 1 3 1 1 2 2 29 29 29 29 29 1 1 1 
2 2 1 2 2 2 2 1 1 1 3 2 3 1 2 2 2 2 1 1 2 2 1 3 3 
2 2 1 2 2 2 2 1 1 2 1 2 3 3 2 1 2 2 1 2 2 1 2 2 3 
1 1 2 2 1 2 1 1 3 2 1 1 1 3 2 1 2 3 3 2 2 1 2 2 1 
2 1 2 1 1 2 1 3 3 1 2 2 1 3 2 1 1 3 1 2 2 1 2 2 1 
2 1 2 1 1 1 2 2 1 1 1 1 1 2 2 1 1 2 1 2 2 1 1 1 1 
1 1 1 2 2 1 1 2 2 2 2 1 1 2 2 2 1 2 1 2 2 1 1 1 1 
478169 478169 568473 874704 874704 282077 719909 371439 469325 661455 345929 205895 288656 288656 154485 154485 993781 205263 205263 80360 861402 861402 418009 517973 517973 
832583 461969 659432 245560 275405 646919 719909 394024 394024 394024 265889 205895 288656 334586 611011 700600 849746 740902 687217 721140 721140 715399 715399 351315 40815 
283427 397112 280134 790638 275405 646919 327779 987322 574839 255486 787437 634181 585728 692777 611011 149281 630780 100976 54465 190466 398185 398185 932454 896679 896679 
410257 448096 280134 991774 77689 392306 286157 286157 574839 37932 846316 692777 930886 692777 19253 742223 926451 240818 278962 516595 187931 148863 381555 666273 691605 
528029 355989 355989 132999 77689 726390 286157 641889 462828 462828 692777 692777 692777 930886 112231 616935 692777 575455 516595 516595 417001 436334 436334 97364 19432 
388898 456778 456778 456778 469302 509328 539311 751620 467479 692777 692777 692777 692777 692777 692777 692777 930886 575455 516595 516595 908277 200229 850805 505309 19432 
388898 599678 456778 517122 334712 422453 635854 635854 8740 930886 692777 692777 930886 930886 930886 692777 698870 575455 707178 790837 425985 751470 166371 214442 988891 
164169 164169 915870 26101 732069 504178 504178 692777 633000 930886 692777 692777 930886 930886 930886 692777 692777 805823 854447 747325 751470 751470 751470 864697 988891 
983130 290963 127486 26101 523539 504178 90023 930886 930886 930886 930886 692777 692777 692777 692777 930886 568990 854447 854447 500799 325453 370277 473250 344919 873748 
983130 794691 794691 526214 959367 388440 692777 930886 692777 930886 692777 930886 930886 930886 692777 692777 390406 854447 13263 105476 842275 232243 102875 45196 45196 
991703 570530 22049 246489 785076 388440 930886 692777 930886 692777 930886 692777 930886 930886 692777 692777 390406 625606 738393 388431 325968 199837 897293 435479 776099 
449239 987201 774866 774866 290577 290577 290577 692777 930886 692777 930886 692777 692777 692777 930886 316094 379885 640088 238199 238199 732434 199837 345706 845444 152744 
890117 988100 988100 88735 980758 13236 13236 692777 930886 930886 930886 692777 930886 387825 387825 151507 151507 217975 289383 289383 848227 353848 736584 845444 655144 
366414 79867 22169 125530 92804 543719 397300 930886 930886 930886 692777 692777 692777 480931 387825 832878 30696 217975 289383 465845 281165 979651 736584 845444 967769 
738044 739356 588579 588579 475596 467941 641362 930886 163953 692777 930886 947256 947256 546534 548881 289383 289383 289383 289383 289383 281165 979651 10978 194568 967769 
738486 389776 557073 588579 709735 876005 199890 673078 103855 768694 957075 947256 142742 711646 923401 289383 289383 289383 289383 289383 247871 286230 3056 912310 919492 
12859 557073 557073 963244 336574 609985 924874 441153 441153 320959 320959 947256 925966 711646 711646 711646 289383 289383 289383 289383 289383 289383 775837 192518 629666 
528685 557073 557073 511661 752628 752628 924874 924874 192161 520623 320959 573095 103204 942034 43118 622482 289383 289383 289383 289383 52782 289383 250448 818240 813570 
866952 866952 557073 532415 752628 5193 956466 956466 713221 908147 908147 12818 938571 647338 171648 622482 851210 289383 289383 289383 289383 289383 682184 671189 704500 
178431 178431 976445 244070 244070 53539 53539 104718 744172 622358 908147 743349 938571 60084 516854 516854 851210 899425 493296 563976 49325 49325 968698 649247 649247 
244399 244399 500039 653313 653313 254768 254768 906008 388393 324344 946571 743349 938571 520277 332304 781125 887977 899425 728386 980895 980895 88372 211933 211933 649247 
810713 541206 589375 589375 564704 465244 549551 474781 366122 324344 685548 811534 523005 520277 332304 228254 887977 548359 548359 780500 99897 748279 494513 494513 156547 
245312 355799 91543 10475 43872 465244 674017 366122 366122 338588 763603 763603 946849 520277 510393 559995 244891 548359 349978 780500 99897 500185 871120 871120 505863 
245312 241879 91543 704449 621133 273935 430026 430026 402834 69832 26181 304030 230949 778636 510393 316061 707617 857018 978818 709574 709574 757415 540264 961426 233241 
1042 824784 376247 740609 740609 623614 35777 456821 456821 93409 93409 58616 998337 778636 540807 540807 279248 857018 726479 274058 274058 776767 5744 930886 289383 
29
85
